<?xml version="1.0" encoding="UTF-8"?>
<testng-results ignored="0" total="1" passed="1" failed="0" skipped="0">
  <reporter-output>
  </reporter-output>
  <suite started-at="2023-04-04T23:59:06 IST" name="Default suite" finished-at="2023-04-04T23:59:21 IST" duration-ms="15808">
    <groups>
    </groups>
    <test started-at="2023-04-04T23:59:06 IST" name="Default test" finished-at="2023-04-04T23:59:21 IST" duration-ms="15808">
      <class name="uk.co.automationtesting.OrderCompleteTest">
        <test-method is-config="true" signature="setup()[pri:0, instance:uk.co.automationtesting.OrderCompleteTest@6bedbc4d]" started-at="2023-04-04T23:59:06 IST" name="setup" finished-at="2023-04-04T23:59:12 IST" duration-ms="6645" status="PASS">
          <reporter-output>
          </reporter-output>
        </test-method> <!-- setup -->
        <test-method signature="EndtoendTest()[pri:0, instance:uk.co.automationtesting.OrderCompleteTest@6bedbc4d]" started-at="2023-04-04T23:59:12 IST" name="EndtoendTest" finished-at="2023-04-04T23:59:21 IST" duration-ms="8755" status="PASS">
          <reporter-output>
          </reporter-output>
        </test-method> <!-- EndtoendTest -->
        <test-method is-config="true" signature="teardown()[pri:0, instance:uk.co.automationtesting.OrderCompleteTest@6bedbc4d]" started-at="2023-04-04T23:59:21 IST" name="teardown" finished-at="2023-04-04T23:59:21 IST" duration-ms="354" status="PASS">
          <reporter-output>
          </reporter-output>
        </test-method> <!-- teardown -->
      </class> <!-- uk.co.automationtesting.OrderCompleteTest -->
    </test> <!-- Default test -->
  </suite> <!-- Default suite -->
</testng-results>
